【京东账号10（默心天水）的crazyJoy任务好友互助码】wAdR5eJ_0s-otRZEyq-Po6t9zd5YaBeE
【京东账号10（默心天水）的东东农场好友互助码】acc016e371d745c3917e476d85d58302
【京东账号10（默心天水）的东东工厂好友互助码】T0225KkcR08Y8FXSIR2lx_VfcgCjVWnYaS5kRrbA
【京东账号10（默心天水）的京东种豆得豆好友互助码】4npkonnsy7xi2sdnffz64xcii3jht2txh37twxi
【京东账号1（ChenG0015）的东东农场好友互助码】307a4ffa8c69485eae3139d9b43149eb
【京东账号1（ChenG0015）的东东工厂好友互助码】T023uPxxQxsa8FXKJx33nfQPc6ICjVWnYaS5kRrbA
【京东账号1（ChenG0015）的东东萌宠好友互助码】MTE1NDUyMjEwMDAwMDAwNDA5MjY3MTE=
【京东账号1（ChenG0015）的京东种豆得豆好友互助码】pcq74evje7vyvasjmjby7ye2gr75dszlm3espsy
【京东账号1（ChenG0015）的京喜工厂好友互助码】wP6sYgRRe1MmugfWEbqLbOU-L8XVbz4pKWa2c5qfOCI=
【京东账号2（ChenG9129）的crazyJoy任务好友互助码】drNee6YD-9aRjR4Ofk5VXQ==
【京东账号2（ChenG9129）的东东农场好友互助码】a726b96c2a9b4651ac663e6ad9262e97
【京东账号2（ChenG9129）的东东工厂好友互助码】T0205KkcHkZugCmzY2aCzr9yCjVWnYaS5kRrbA
【京东账号2（ChenG9129）的东东萌宠好友互助码】MTE1NDUyMjEwMDAwMDAwNDQxMTgyNTU=
【京东账号2（ChenG9129）的京东种豆得豆好友互助码】uwgpfl3hsfqp2dpyysrupgljwvs26a3m34gzmiq
【京东账号2（Zll0215）的京喜工厂好友互助码】-oHSLqyTuYs-7LfNLVX9Wg==
【京东账号3（Zll0215）的crazyJoy任务好友互助码】znBmjQJpPOgdCPNMasUAtKt9zd5YaBeE
【京东账号3（Zll0215）的东东农场好友互助码】61ad7f531d4c466aac879963c0f07ff3
【京东账号3（Zll0215）的东东工厂好友互助码】T0225KkcRh9Lo1eCJB_ylPBYJQCjVWnYaS5kRrbA
【京东账号3（Zll0215）的东东萌宠好友互助码】MTE1NDQ5OTUwMDAwMDAwNDQ2MTU1NDc=
【京东账号3（Zll0215）的京东种豆得豆好友互助码】olmijoxgmjutyrpkcgnbf3vcvo7o34jibytblia
【京东账号3（麻辣香锅兔唉）的京喜工厂好友互助码】2_4cdwL2IThT_IMI6iQ3ow==
【京东账号4（浮生若梦0525m）的京喜工厂好友互助码】OCMj3nKLZRTnXq3uTugRbA==
【京东账号4（麻辣香锅兔唉）的crazyJoy任务好友互助码】Qcvjh59Luka8eGdx4P6r5at9zd5YaBeE
【京东账号4（麻辣香锅兔唉）的东东农场好友互助码】c8f977a04ac44881b6a3546d53ccd4bd
【京东账号4（麻辣香锅兔唉）的东东工厂好友互助码】T0225KkcRRsY8lfRchP8kKJbIgCjVWnYaS5kRrbA
【京东账号4（麻辣香锅兔唉）的东东萌宠好友互助码】MTE1NDQ5OTUwMDAwMDAwNDQxNjIwMjU=
【京东账号4（麻辣香锅兔唉）的京东种豆得豆好友互助码】mlrdw3aw26j3xmvklytxrrkljsx33bh4zvqc65q
【京东账号5（麻辣香锅虾虾）的crazyJoy任务好友互助码】UQY4dmxc-2cgaf-8BC7MUKt9zd5YaBeE
【京东账号5（麻辣香锅虾虾）的东东农场好友互助码】aec711506c28478f894dacfcdb764b58
【京东账号5（麻辣香锅虾虾）的东东工厂好友互助码】T0225KkcRBhM9FDVJkjwnPALIQCjVWnYaS5kRrbA
【京东账号5（麻辣香锅虾虾）的东东萌宠好友互助码】MTE1NDQ5MzYwMDAwMDAwNDQyMzAzNDM=
【京东账号5（麻辣香锅虾虾）的京东种豆得豆好友互助码】e7lhibzb3zek3vrm54czedxboju6ahrwng4squy
【京东账号5（默心天水）的京喜工厂好友互助码】0dIMMYc59Wse-BverNTVTQ==
【京东账号6（干饭人gan）的crazyJoy任务好友互助码】TC-vERUT6QtioJy37nM2nQ==
【京东账号6（干饭人gan）的东东农场好友互助码】e6be7fac1019476e8964f6245463d18d
【京东账号6（干饭人gan）的东东工厂好友互助码】T0205KkcJWtjvCKKeGWu76N1CjVWnYaS5kRrbA
【京东账号6（干饭人gan）的东东萌宠好友互助码】MTE1NDUwMTI0MDAwMDAwMDQ0NDkwNzU3
【京东账号6（干饭人gan）的京东种豆得豆好友互助码】nkiu2rskjyetbpsf27qankk5tpm7mgvmwf5co6y
【京东账号7（For黑某人）的crazyJoy任务好友互助码】HjrcnCUfXTuIC4YdC8O3OKt9zd5YaBeE
【京东账号7（For黑某人）的东东农场好友互助码】799d21af4b874be086f7ede963957759
【京东账号7（For黑某人）的东东工厂好友互助码】T0225KkcRxlKpFeFJUihkvIOdQCjVWnYaS5kRrbA
【京东账号7（For黑某人）的东东萌宠好友互助码】MTE1NDQ5OTIwMDAwMDAwNDQ1MDQzMDU=
【京东账号7（For黑某人）的京东种豆得豆好友互助码】4npkonnsy7xi2gne46uj3prqqkqk23sdbhlpvga
【京东账号8（jd_NhjyKogNXbwk）的crazyJoy任务好友互助码】Y3g4qMu-KjdKXIrh1y5k4g==
【京东账号8（jd_NhjyKogNXbwk）的东东农场好友互助码】93111bb0d09a4c9e9378048d7028d02a
【京东账号8（jd_NhjyKogNXbwk）的东东萌宠好友互助码】MTE1NDQ5OTIwMDAwMDAwNDQxNTY0NDc=
【京东账号8（jd_NhjyKogNXbwk）的京东种豆得豆好友互助码】f5pavyxxlph5ok6twiogudvd73lgmo5qem6lw6q
【京东账号9（浮生若梦0525m）的crazyJoy任务好友互助码】sUAC6wGYMYsZx1vqdVZYiat9zd5YaBeE
【京东账号9（浮生若梦0525m）的东东农场好友互助码】d6f5f706887542e5aadcece136a7125e
【京东账号9（浮生若梦0525m）的东东工厂好友互助码】T0225KkcRktPp1LXJE7ykPcLdwCjVWnYaS5kRrbA
【京东账号9（浮生若梦0525m）的东东萌宠好友互助码】MTAxODc2NTEzMzAwMDAwMDAyMjYzMjA1MQ==
【京东账号9（浮生若梦0525m）的京东种豆得豆好友互助码】olmijoxgmjutyhv45bmbqzqaqkivmbbq3ueujly
